{"/Users/Cindy/Desktop/CIS 550/Homework 2/HW2 MS1 Student/HW2 MS1/server/routes.js": {"path":"/Users/Cindy/Desktop/CIS 550/Homework 2/HW2 MS1 Student/HW2 MS1/server/routes.js","statementMap":{"0":{"start":{"line":1,"column":15},"end":{"line":1,"column":39}},"1":{"start":{"line":2,"column":14},"end":{"line":2,"column":30}},"2":{"start":{"line":3,"column":10},"end":{"line":3,"column":28}},"3":{"start":{"line":6,"column":19},"end":{"line":12,"column":2}},"4":{"start":{"line":13,"column":0},"end":{"line":13,"column":21}},"5":{"start":{"line":23,"column":4},"end":{"line":27,"column":5}},"6":{"start":{"line":24,"column":8},"end":{"line":24,"column":73}},"7":{"start":{"line":26,"column":8},"end":{"line":26,"column":54}},"8":{"start":{"line":37,"column":19},"end":{"line":37,"column":43}},"9":{"start":{"line":38,"column":26},"end":{"line":38,"column":60}},"10":{"start":{"line":39,"column":17},"end":{"line":39,"column":59}},"11":{"start":{"line":41,"column":4},"end":{"line":51,"column":5}},"12":{"start":{"line":43,"column":8},"end":{"line":43,"column":78}},"13":{"start":{"line":44,"column":11},"end":{"line":51,"column":5}},"14":{"start":{"line":45,"column":32},"end":{"line":45,"column":61}},"15":{"start":{"line":47,"column":8},"end":{"line":47,"column":89}},"16":{"start":{"line":50,"column":8},"end":{"line":50,"column":69}},"17":{"start":{"line":65,"column":19},"end":{"line":65,"column":63}},"18":{"start":{"line":68,"column":4},"end":{"line":107,"column":5}},"19":{"start":{"line":72,"column":23},"end":{"line":72,"column":67}},"20":{"start":{"line":73,"column":23},"end":{"line":73,"column":37}},"21":{"start":{"line":74,"column":24},"end":{"line":74,"column":46}},"22":{"start":{"line":75,"column":28},"end":{"line":81,"column":9}},"23":{"start":{"line":82,"column":8},"end":{"line":89,"column":11}},"24":{"start":{"line":83,"column":12},"end":{"line":88,"column":13}},"25":{"start":{"line":84,"column":16},"end":{"line":84,"column":34}},"26":{"start":{"line":85,"column":16},"end":{"line":85,"column":42}},"27":{"start":{"line":86,"column":19},"end":{"line":88,"column":13}},"28":{"start":{"line":87,"column":16},"end":{"line":87,"column":46}},"29":{"start":{"line":94,"column":8},"end":{"line":105,"column":11}},"30":{"start":{"line":99,"column":12},"end":{"line":104,"column":13}},"31":{"start":{"line":100,"column":16},"end":{"line":100,"column":34}},"32":{"start":{"line":101,"column":16},"end":{"line":101,"column":42}},"33":{"start":{"line":102,"column":19},"end":{"line":104,"column":13}},"34":{"start":{"line":103,"column":16},"end":{"line":103,"column":46}},"35":{"start":{"line":113,"column":4},"end":{"line":144,"column":5}},"36":{"start":{"line":114,"column":23},"end":{"line":114,"column":67}},"37":{"start":{"line":115,"column":23},"end":{"line":115,"column":37}},"38":{"start":{"line":116,"column":24},"end":{"line":116,"column":46}},"39":{"start":{"line":117,"column":28},"end":{"line":122,"column":9}},"40":{"start":{"line":123,"column":8},"end":{"line":130,"column":11}},"41":{"start":{"line":124,"column":12},"end":{"line":129,"column":13}},"42":{"start":{"line":125,"column":16},"end":{"line":125,"column":34}},"43":{"start":{"line":126,"column":16},"end":{"line":126,"column":42}},"44":{"start":{"line":127,"column":19},"end":{"line":129,"column":13}},"45":{"start":{"line":128,"column":16},"end":{"line":128,"column":46}},"46":{"start":{"line":133,"column":8},"end":{"line":143,"column":11}},"47":{"start":{"line":137,"column":12},"end":{"line":142,"column":13}},"48":{"start":{"line":138,"column":16},"end":{"line":138,"column":34}},"49":{"start":{"line":139,"column":16},"end":{"line":139,"column":42}},"50":{"start":{"line":140,"column":19},"end":{"line":142,"column":13}},"51":{"start":{"line":141,"column":16},"end":{"line":141,"column":46}},"52":{"start":{"line":155,"column":13},"end":{"line":155,"column":25}},"53":{"start":{"line":156,"column":14},"end":{"line":164,"column":5}},"54":{"start":{"line":166,"column":4},"end":{"line":177,"column":7}},"55":{"start":{"line":167,"column":8},"end":{"line":176,"column":9}},"56":{"start":{"line":168,"column":12},"end":{"line":168,"column":30}},"57":{"start":{"line":169,"column":12},"end":{"line":169,"column":38}},"58":{"start":{"line":170,"column":15},"end":{"line":176,"column":9}},"59":{"start":{"line":171,"column":12},"end":{"line":175,"column":13}},"60":{"start":{"line":172,"column":16},"end":{"line":172,"column":41}},"61":{"start":{"line":174,"column":16},"end":{"line":174,"column":46}},"62":{"start":{"line":188,"column":13},"end":{"line":188,"column":25}},"63":{"start":{"line":189,"column":17},"end":{"line":196,"column":5}},"64":{"start":{"line":197,"column":18},"end":{"line":204,"column":5}},"65":{"start":{"line":206,"column":4},"end":{"line":228,"column":7}},"66":{"start":{"line":207,"column":8},"end":{"line":227,"column":9}},"67":{"start":{"line":208,"column":12},"end":{"line":208,"column":30}},"68":{"start":{"line":209,"column":12},"end":{"line":209,"column":38}},"69":{"start":{"line":210,"column":15},"end":{"line":227,"column":9}},"70":{"start":{"line":211,"column":12},"end":{"line":226,"column":13}},"71":{"start":{"line":212,"column":16},"end":{"line":223,"column":18}},"72":{"start":{"line":213,"column":20},"end":{"line":222,"column":21}},"73":{"start":{"line":214,"column":24},"end":{"line":214,"column":42}},"74":{"start":{"line":215,"column":24},"end":{"line":215,"column":50}},"75":{"start":{"line":217,"column":24},"end":{"line":221,"column":25}},"76":{"start":{"line":218,"column":28},"end":{"line":218,"column":53}},"77":{"start":{"line":220,"column":28},"end":{"line":220,"column":58}},"78":{"start":{"line":225,"column":16},"end":{"line":225,"column":46}},"79":{"start":{"line":240,"column":15},"end":{"line":240,"column":51}},"80":{"start":{"line":241,"column":15},"end":{"line":241,"column":51}},"81":{"start":{"line":243,"column":4},"end":{"line":286,"column":5}},"82":{"start":{"line":244,"column":23},"end":{"line":244,"column":67}},"83":{"start":{"line":245,"column":23},"end":{"line":245,"column":37}},"84":{"start":{"line":246,"column":24},"end":{"line":246,"column":46}},"85":{"start":{"line":247,"column":28},"end":{"line":253,"column":9}},"86":{"start":{"line":254,"column":8},"end":{"line":265,"column":11}},"87":{"start":{"line":255,"column":12},"end":{"line":264,"column":13}},"88":{"start":{"line":256,"column":16},"end":{"line":256,"column":34}},"89":{"start":{"line":257,"column":16},"end":{"line":257,"column":42}},"90":{"start":{"line":258,"column":19},"end":{"line":264,"column":13}},"91":{"start":{"line":259,"column":16},"end":{"line":263,"column":17}},"92":{"start":{"line":260,"column":20},"end":{"line":260,"column":44}},"93":{"start":{"line":262,"column":20},"end":{"line":262,"column":50}},"94":{"start":{"line":268,"column":31},"end":{"line":273,"column":9}},"95":{"start":{"line":274,"column":8},"end":{"line":285,"column":11}},"96":{"start":{"line":275,"column":12},"end":{"line":284,"column":13}},"97":{"start":{"line":276,"column":16},"end":{"line":276,"column":34}},"98":{"start":{"line":277,"column":16},"end":{"line":277,"column":42}},"99":{"start":{"line":278,"column":19},"end":{"line":284,"column":13}},"100":{"start":{"line":279,"column":16},"end":{"line":283,"column":17}},"101":{"start":{"line":280,"column":20},"end":{"line":280,"column":44}},"102":{"start":{"line":282,"column":20},"end":{"line":282,"column":50}},"103":{"start":{"line":293,"column":15},"end":{"line":293,"column":51}},"104":{"start":{"line":294,"column":22},"end":{"line":294,"column":72}},"105":{"start":{"line":295,"column":15},"end":{"line":295,"column":51}},"106":{"start":{"line":296,"column":20},"end":{"line":296,"column":65}},"107":{"start":{"line":297,"column":21},"end":{"line":297,"column":70}},"108":{"start":{"line":298,"column":23},"end":{"line":298,"column":74}},"109":{"start":{"line":299,"column":24},"end":{"line":299,"column":79}},"110":{"start":{"line":301,"column":4},"end":{"line":348,"column":5}},"111":{"start":{"line":302,"column":23},"end":{"line":302,"column":67}},"112":{"start":{"line":303,"column":23},"end":{"line":303,"column":37}},"113":{"start":{"line":304,"column":24},"end":{"line":304,"column":46}},"114":{"start":{"line":305,"column":28},"end":{"line":313,"column":9}},"115":{"start":{"line":314,"column":8},"end":{"line":325,"column":11}},"116":{"start":{"line":315,"column":12},"end":{"line":324,"column":13}},"117":{"start":{"line":316,"column":16},"end":{"line":316,"column":34}},"118":{"start":{"line":317,"column":16},"end":{"line":317,"column":42}},"119":{"start":{"line":318,"column":19},"end":{"line":324,"column":13}},"120":{"start":{"line":319,"column":16},"end":{"line":323,"column":17}},"121":{"start":{"line":320,"column":20},"end":{"line":320,"column":44}},"122":{"start":{"line":322,"column":20},"end":{"line":322,"column":50}},"123":{"start":{"line":328,"column":31},"end":{"line":335,"column":9}},"124":{"start":{"line":336,"column":8},"end":{"line":347,"column":11}},"125":{"start":{"line":337,"column":12},"end":{"line":346,"column":13}},"126":{"start":{"line":338,"column":16},"end":{"line":338,"column":34}},"127":{"start":{"line":339,"column":16},"end":{"line":339,"column":42}},"128":{"start":{"line":340,"column":19},"end":{"line":346,"column":13}},"129":{"start":{"line":341,"column":16},"end":{"line":345,"column":17}},"130":{"start":{"line":342,"column":20},"end":{"line":342,"column":44}},"131":{"start":{"line":344,"column":20},"end":{"line":344,"column":50}},"132":{"start":{"line":351,"column":0},"end":{"line":360,"column":1}}},"fnMap":{"0":{"name":"hello","decl":{"start":{"line":21,"column":15},"end":{"line":21,"column":20}},"loc":{"start":{"line":21,"column":31},"end":{"line":28,"column":1}},"line":21},"1":{"name":"jersey","decl":{"start":{"line":36,"column":15},"end":{"line":36,"column":21}},"loc":{"start":{"line":36,"column":32},"end":{"line":52,"column":1}},"line":36},"2":{"name":"all_matches","decl":{"start":{"line":60,"column":15},"end":{"line":60,"column":26}},"loc":{"start":{"line":60,"column":37},"end":{"line":108,"column":1}},"line":60},"3":{"name":"(anonymous_3)","decl":{"start":{"line":82,"column":40},"end":{"line":82,"column":41}},"loc":{"start":{"line":82,"column":74},"end":{"line":89,"column":9}},"line":82},"4":{"name":"(anonymous_4)","decl":{"start":{"line":97,"column":38},"end":{"line":97,"column":39}},"loc":{"start":{"line":97,"column":72},"end":{"line":105,"column":9}},"line":97},"5":{"name":"all_players","decl":{"start":{"line":111,"column":15},"end":{"line":111,"column":26}},"loc":{"start":{"line":111,"column":37},"end":{"line":145,"column":1}},"line":111},"6":{"name":"(anonymous_6)","decl":{"start":{"line":123,"column":40},"end":{"line":123,"column":41}},"loc":{"start":{"line":123,"column":74},"end":{"line":130,"column":9}},"line":123},"7":{"name":"(anonymous_7)","decl":{"start":{"line":135,"column":24},"end":{"line":135,"column":25}},"loc":{"start":{"line":135,"column":58},"end":{"line":143,"column":9}},"line":135},"8":{"name":"match","decl":{"start":{"line":153,"column":15},"end":{"line":153,"column":20}},"loc":{"start":{"line":153,"column":31},"end":{"line":179,"column":1}},"line":153},"9":{"name":"(anonymous_9)","decl":{"start":{"line":166,"column":26},"end":{"line":166,"column":27}},"loc":{"start":{"line":166,"column":60},"end":{"line":177,"column":5}},"line":166},"10":{"name":"player","decl":{"start":{"line":186,"column":15},"end":{"line":186,"column":21}},"loc":{"start":{"line":186,"column":32},"end":{"line":229,"column":1}},"line":186},"11":{"name":"(anonymous_11)","decl":{"start":{"line":206,"column":29},"end":{"line":206,"column":30}},"loc":{"start":{"line":206,"column":63},"end":{"line":228,"column":5}},"line":206},"12":{"name":"(anonymous_12)","decl":{"start":{"line":212,"column":42},"end":{"line":212,"column":43}},"loc":{"start":{"line":212,"column":76},"end":{"line":223,"column":17}},"line":212},"13":{"name":"search_matches","decl":{"start":{"line":237,"column":15},"end":{"line":237,"column":29}},"loc":{"start":{"line":237,"column":40},"end":{"line":287,"column":1}},"line":237},"14":{"name":"(anonymous_14)","decl":{"start":{"line":254,"column":40},"end":{"line":254,"column":41}},"loc":{"start":{"line":254,"column":74},"end":{"line":265,"column":9}},"line":254},"15":{"name":"(anonymous_15)","decl":{"start":{"line":274,"column":43},"end":{"line":274,"column":44}},"loc":{"start":{"line":274,"column":77},"end":{"line":285,"column":9}},"line":274},"16":{"name":"search_players","decl":{"start":{"line":290,"column":15},"end":{"line":290,"column":29}},"loc":{"start":{"line":290,"column":40},"end":{"line":349,"column":1}},"line":290},"17":{"name":"(anonymous_17)","decl":{"start":{"line":314,"column":40},"end":{"line":314,"column":41}},"loc":{"start":{"line":314,"column":74},"end":{"line":325,"column":9}},"line":314},"18":{"name":"(anonymous_18)","decl":{"start":{"line":336,"column":43},"end":{"line":336,"column":44}},"loc":{"start":{"line":336,"column":77},"end":{"line":347,"column":9}},"line":336}},"branchMap":{"0":{"loc":{"start":{"line":23,"column":4},"end":{"line":27,"column":5}},"type":"if","locations":[{"start":{"line":23,"column":4},"end":{"line":27,"column":5}},{"start":{"line":23,"column":4},"end":{"line":27,"column":5}}],"line":23},"1":{"loc":{"start":{"line":39,"column":17},"end":{"line":39,"column":59}},"type":"cond-expr","locations":[{"start":{"line":39,"column":34},"end":{"line":39,"column":48}},{"start":{"line":39,"column":51},"end":{"line":39,"column":59}}],"line":39},"2":{"loc":{"start":{"line":41,"column":4},"end":{"line":51,"column":5}},"type":"if","locations":[{"start":{"line":41,"column":4},"end":{"line":51,"column":5}},{"start":{"line":41,"column":4},"end":{"line":51,"column":5}}],"line":41},"3":{"loc":{"start":{"line":44,"column":11},"end":{"line":51,"column":5}},"type":"if","locations":[{"start":{"line":44,"column":11},"end":{"line":51,"column":5}},{"start":{"line":44,"column":11},"end":{"line":51,"column":5}}],"line":44},"4":{"loc":{"start":{"line":65,"column":19},"end":{"line":65,"column":63}},"type":"cond-expr","locations":[{"start":{"line":65,"column":39},"end":{"line":65,"column":56}},{"start":{"line":65,"column":59},"end":{"line":65,"column":63}}],"line":65},"5":{"loc":{"start":{"line":68,"column":4},"end":{"line":107,"column":5}},"type":"if","locations":[{"start":{"line":68,"column":4},"end":{"line":107,"column":5}},{"start":{"line":68,"column":4},"end":{"line":107,"column":5}}],"line":68},"6":{"loc":{"start":{"line":68,"column":8},"end":{"line":68,"column":48}},"type":"binary-expr","locations":[{"start":{"line":68,"column":8},"end":{"line":68,"column":22}},{"start":{"line":68,"column":26},"end":{"line":68,"column":48}}],"line":68},"7":{"loc":{"start":{"line":72,"column":23},"end":{"line":72,"column":67}},"type":"cond-expr","locations":[{"start":{"line":72,"column":44},"end":{"line":72,"column":62}},{"start":{"line":72,"column":65},"end":{"line":72,"column":67}}],"line":72},"8":{"loc":{"start":{"line":83,"column":12},"end":{"line":88,"column":13}},"type":"if","locations":[{"start":{"line":83,"column":12},"end":{"line":88,"column":13}},{"start":{"line":83,"column":12},"end":{"line":88,"column":13}}],"line":83},"9":{"loc":{"start":{"line":86,"column":19},"end":{"line":88,"column":13}},"type":"if","locations":[{"start":{"line":86,"column":19},"end":{"line":88,"column":13}},{"start":{"line":86,"column":19},"end":{"line":88,"column":13}}],"line":86},"10":{"loc":{"start":{"line":99,"column":12},"end":{"line":104,"column":13}},"type":"if","locations":[{"start":{"line":99,"column":12},"end":{"line":104,"column":13}},{"start":{"line":99,"column":12},"end":{"line":104,"column":13}}],"line":99},"11":{"loc":{"start":{"line":102,"column":19},"end":{"line":104,"column":13}},"type":"if","locations":[{"start":{"line":102,"column":19},"end":{"line":104,"column":13}},{"start":{"line":102,"column":19},"end":{"line":104,"column":13}}],"line":102},"12":{"loc":{"start":{"line":113,"column":4},"end":{"line":144,"column":5}},"type":"if","locations":[{"start":{"line":113,"column":4},"end":{"line":144,"column":5}},{"start":{"line":113,"column":4},"end":{"line":144,"column":5}}],"line":113},"13":{"loc":{"start":{"line":113,"column":8},"end":{"line":113,"column":48}},"type":"binary-expr","locations":[{"start":{"line":113,"column":8},"end":{"line":113,"column":22}},{"start":{"line":113,"column":26},"end":{"line":113,"column":48}}],"line":113},"14":{"loc":{"start":{"line":114,"column":23},"end":{"line":114,"column":67}},"type":"cond-expr","locations":[{"start":{"line":114,"column":44},"end":{"line":114,"column":62}},{"start":{"line":114,"column":65},"end":{"line":114,"column":67}}],"line":114},"15":{"loc":{"start":{"line":124,"column":12},"end":{"line":129,"column":13}},"type":"if","locations":[{"start":{"line":124,"column":12},"end":{"line":129,"column":13}},{"start":{"line":124,"column":12},"end":{"line":129,"column":13}}],"line":124},"16":{"loc":{"start":{"line":127,"column":19},"end":{"line":129,"column":13}},"type":"if","locations":[{"start":{"line":127,"column":19},"end":{"line":129,"column":13}},{"start":{"line":127,"column":19},"end":{"line":129,"column":13}}],"line":127},"17":{"loc":{"start":{"line":137,"column":12},"end":{"line":142,"column":13}},"type":"if","locations":[{"start":{"line":137,"column":12},"end":{"line":142,"column":13}},{"start":{"line":137,"column":12},"end":{"line":142,"column":13}}],"line":137},"18":{"loc":{"start":{"line":140,"column":19},"end":{"line":142,"column":13}},"type":"if","locations":[{"start":{"line":140,"column":19},"end":{"line":142,"column":13}},{"start":{"line":140,"column":19},"end":{"line":142,"column":13}}],"line":140},"19":{"loc":{"start":{"line":167,"column":8},"end":{"line":176,"column":9}},"type":"if","locations":[{"start":{"line":167,"column":8},"end":{"line":176,"column":9}},{"start":{"line":167,"column":8},"end":{"line":176,"column":9}}],"line":167},"20":{"loc":{"start":{"line":170,"column":15},"end":{"line":176,"column":9}},"type":"if","locations":[{"start":{"line":170,"column":15},"end":{"line":176,"column":9}},{"start":{"line":170,"column":15},"end":{"line":176,"column":9}}],"line":170},"21":{"loc":{"start":{"line":171,"column":12},"end":{"line":175,"column":13}},"type":"if","locations":[{"start":{"line":171,"column":12},"end":{"line":175,"column":13}},{"start":{"line":171,"column":12},"end":{"line":175,"column":13}}],"line":171},"22":{"loc":{"start":{"line":207,"column":8},"end":{"line":227,"column":9}},"type":"if","locations":[{"start":{"line":207,"column":8},"end":{"line":227,"column":9}},{"start":{"line":207,"column":8},"end":{"line":227,"column":9}}],"line":207},"23":{"loc":{"start":{"line":210,"column":15},"end":{"line":227,"column":9}},"type":"if","locations":[{"start":{"line":210,"column":15},"end":{"line":227,"column":9}},{"start":{"line":210,"column":15},"end":{"line":227,"column":9}}],"line":210},"24":{"loc":{"start":{"line":211,"column":12},"end":{"line":226,"column":13}},"type":"if","locations":[{"start":{"line":211,"column":12},"end":{"line":226,"column":13}},{"start":{"line":211,"column":12},"end":{"line":226,"column":13}}],"line":211},"25":{"loc":{"start":{"line":213,"column":20},"end":{"line":222,"column":21}},"type":"if","locations":[{"start":{"line":213,"column":20},"end":{"line":222,"column":21}},{"start":{"line":213,"column":20},"end":{"line":222,"column":21}}],"line":213},"26":{"loc":{"start":{"line":217,"column":24},"end":{"line":221,"column":25}},"type":"if","locations":[{"start":{"line":217,"column":24},"end":{"line":221,"column":25}},{"start":{"line":217,"column":24},"end":{"line":221,"column":25}}],"line":217},"27":{"loc":{"start":{"line":240,"column":15},"end":{"line":240,"column":51}},"type":"cond-expr","locations":[{"start":{"line":240,"column":32},"end":{"line":240,"column":46}},{"start":{"line":240,"column":49},"end":{"line":240,"column":51}}],"line":240},"28":{"loc":{"start":{"line":241,"column":15},"end":{"line":241,"column":51}},"type":"cond-expr","locations":[{"start":{"line":241,"column":32},"end":{"line":241,"column":46}},{"start":{"line":241,"column":49},"end":{"line":241,"column":51}}],"line":241},"29":{"loc":{"start":{"line":243,"column":4},"end":{"line":286,"column":5}},"type":"if","locations":[{"start":{"line":243,"column":4},"end":{"line":286,"column":5}},{"start":{"line":243,"column":4},"end":{"line":286,"column":5}}],"line":243},"30":{"loc":{"start":{"line":243,"column":8},"end":{"line":243,"column":48}},"type":"binary-expr","locations":[{"start":{"line":243,"column":8},"end":{"line":243,"column":22}},{"start":{"line":243,"column":26},"end":{"line":243,"column":48}}],"line":243},"31":{"loc":{"start":{"line":244,"column":23},"end":{"line":244,"column":67}},"type":"cond-expr","locations":[{"start":{"line":244,"column":44},"end":{"line":244,"column":62}},{"start":{"line":244,"column":65},"end":{"line":244,"column":67}}],"line":244},"32":{"loc":{"start":{"line":255,"column":12},"end":{"line":264,"column":13}},"type":"if","locations":[{"start":{"line":255,"column":12},"end":{"line":264,"column":13}},{"start":{"line":255,"column":12},"end":{"line":264,"column":13}}],"line":255},"33":{"loc":{"start":{"line":258,"column":19},"end":{"line":264,"column":13}},"type":"if","locations":[{"start":{"line":258,"column":19},"end":{"line":264,"column":13}},{"start":{"line":258,"column":19},"end":{"line":264,"column":13}}],"line":258},"34":{"loc":{"start":{"line":259,"column":16},"end":{"line":263,"column":17}},"type":"if","locations":[{"start":{"line":259,"column":16},"end":{"line":263,"column":17}},{"start":{"line":259,"column":16},"end":{"line":263,"column":17}}],"line":259},"35":{"loc":{"start":{"line":275,"column":12},"end":{"line":284,"column":13}},"type":"if","locations":[{"start":{"line":275,"column":12},"end":{"line":284,"column":13}},{"start":{"line":275,"column":12},"end":{"line":284,"column":13}}],"line":275},"36":{"loc":{"start":{"line":278,"column":19},"end":{"line":284,"column":13}},"type":"if","locations":[{"start":{"line":278,"column":19},"end":{"line":284,"column":13}},{"start":{"line":278,"column":19},"end":{"line":284,"column":13}}],"line":278},"37":{"loc":{"start":{"line":279,"column":16},"end":{"line":283,"column":17}},"type":"if","locations":[{"start":{"line":279,"column":16},"end":{"line":283,"column":17}},{"start":{"line":279,"column":16},"end":{"line":283,"column":17}}],"line":279},"38":{"loc":{"start":{"line":293,"column":15},"end":{"line":293,"column":51}},"type":"cond-expr","locations":[{"start":{"line":293,"column":32},"end":{"line":293,"column":46}},{"start":{"line":293,"column":49},"end":{"line":293,"column":51}}],"line":293},"39":{"loc":{"start":{"line":294,"column":22},"end":{"line":294,"column":72}},"type":"cond-expr","locations":[{"start":{"line":294,"column":46},"end":{"line":294,"column":67}},{"start":{"line":294,"column":70},"end":{"line":294,"column":72}}],"line":294},"40":{"loc":{"start":{"line":295,"column":15},"end":{"line":295,"column":51}},"type":"cond-expr","locations":[{"start":{"line":295,"column":32},"end":{"line":295,"column":46}},{"start":{"line":295,"column":49},"end":{"line":295,"column":51}}],"line":295},"41":{"loc":{"start":{"line":296,"column":20},"end":{"line":296,"column":65}},"type":"cond-expr","locations":[{"start":{"line":296,"column":42},"end":{"line":296,"column":61}},{"start":{"line":296,"column":64},"end":{"line":296,"column":65}}],"line":296},"42":{"loc":{"start":{"line":297,"column":21},"end":{"line":297,"column":70}},"type":"cond-expr","locations":[{"start":{"line":297,"column":44},"end":{"line":297,"column":64}},{"start":{"line":297,"column":67},"end":{"line":297,"column":70}}],"line":297},"43":{"loc":{"start":{"line":298,"column":23},"end":{"line":298,"column":74}},"type":"cond-expr","locations":[{"start":{"line":298,"column":48},"end":{"line":298,"column":70}},{"start":{"line":298,"column":73},"end":{"line":298,"column":74}}],"line":298},"44":{"loc":{"start":{"line":299,"column":24},"end":{"line":299,"column":79}},"type":"cond-expr","locations":[{"start":{"line":299,"column":50},"end":{"line":299,"column":73}},{"start":{"line":299,"column":76},"end":{"line":299,"column":79}}],"line":299},"45":{"loc":{"start":{"line":301,"column":4},"end":{"line":348,"column":5}},"type":"if","locations":[{"start":{"line":301,"column":4},"end":{"line":348,"column":5}},{"start":{"line":301,"column":4},"end":{"line":348,"column":5}}],"line":301},"46":{"loc":{"start":{"line":301,"column":8},"end":{"line":301,"column":48}},"type":"binary-expr","locations":[{"start":{"line":301,"column":8},"end":{"line":301,"column":22}},{"start":{"line":301,"column":26},"end":{"line":301,"column":48}}],"line":301},"47":{"loc":{"start":{"line":302,"column":23},"end":{"line":302,"column":67}},"type":"cond-expr","locations":[{"start":{"line":302,"column":44},"end":{"line":302,"column":62}},{"start":{"line":302,"column":65},"end":{"line":302,"column":67}}],"line":302},"48":{"loc":{"start":{"line":315,"column":12},"end":{"line":324,"column":13}},"type":"if","locations":[{"start":{"line":315,"column":12},"end":{"line":324,"column":13}},{"start":{"line":315,"column":12},"end":{"line":324,"column":13}}],"line":315},"49":{"loc":{"start":{"line":318,"column":19},"end":{"line":324,"column":13}},"type":"if","locations":[{"start":{"line":318,"column":19},"end":{"line":324,"column":13}},{"start":{"line":318,"column":19},"end":{"line":324,"column":13}}],"line":318},"50":{"loc":{"start":{"line":319,"column":16},"end":{"line":323,"column":17}},"type":"if","locations":[{"start":{"line":319,"column":16},"end":{"line":323,"column":17}},{"start":{"line":319,"column":16},"end":{"line":323,"column":17}}],"line":319},"51":{"loc":{"start":{"line":337,"column":12},"end":{"line":346,"column":13}},"type":"if","locations":[{"start":{"line":337,"column":12},"end":{"line":346,"column":13}},{"start":{"line":337,"column":12},"end":{"line":346,"column":13}}],"line":337},"52":{"loc":{"start":{"line":340,"column":19},"end":{"line":346,"column":13}},"type":"if","locations":[{"start":{"line":340,"column":19},"end":{"line":346,"column":13}},{"start":{"line":340,"column":19},"end":{"line":346,"column":13}}],"line":340},"53":{"loc":{"start":{"line":341,"column":16},"end":{"line":345,"column":17}},"type":"if","locations":[{"start":{"line":341,"column":16},"end":{"line":345,"column":17}},{"start":{"line":341,"column":16},"end":{"line":345,"column":17}}],"line":341}},"s":{"0":1,"1":1,"2":1,"3":1,"4":1,"5":2,"6":1,"7":1,"8":21,"9":21,"10":21,"11":21,"12":10,"13":11,"14":10,"15":10,"16":1,"17":1,"18":1,"19":0,"20":0,"21":0,"22":0,"23":0,"24":0,"25":0,"26":0,"27":0,"28":0,"29":1,"30":1,"31":0,"32":0,"33":1,"34":1,"35":1,"36":0,"37":0,"38":0,"39":0,"40":0,"41":0,"42":0,"43":0,"44":0,"45":0,"46":1,"47":1,"48":0,"49":0,"50":1,"51":1,"52":1,"53":1,"54":1,"55":1,"56":0,"57":0,"58":1,"59":1,"60":0,"61":1,"62":2,"63":2,"64":2,"65":2,"66":2,"67":0,"68":0,"69":2,"70":2,"71":1,"72":1,"73":0,"74":0,"75":1,"76":0,"77":1,"78":1,"79":1,"80":1,"81":1,"82":0,"83":0,"84":0,"85":0,"86":0,"87":0,"88":0,"89":0,"90":0,"91":0,"92":0,"93":0,"94":1,"95":1,"96":1,"97":0,"98":0,"99":1,"100":1,"101":0,"102":1,"103":1,"104":1,"105":1,"106":1,"107":1,"108":1,"109":1,"110":1,"111":0,"112":0,"113":0,"114":0,"115":0,"116":0,"117":0,"118":0,"119":0,"120":0,"121":0,"122":0,"123":1,"124":1,"125":1,"126":0,"127":0,"128":1,"129":1,"130":0,"131":1,"132":1},"f":{"0":2,"1":21,"2":1,"3":0,"4":1,"5":1,"6":0,"7":1,"8":1,"9":1,"10":2,"11":2,"12":1,"13":1,"14":0,"15":1,"16":1,"17":0,"18":1},"b":{"0":[1,1],"1":[10,11],"2":[10,11],"3":[10,1],"4":[1,0],"5":[0,1],"6":[1,0],"7":[0,0],"8":[0,0],"9":[0,0],"10":[0,1],"11":[1,0],"12":[0,1],"13":[1,0],"14":[0,0],"15":[0,0],"16":[0,0],"17":[0,1],"18":[1,0],"19":[0,1],"20":[1,0],"21":[0,1],"22":[0,2],"23":[2,0],"24":[1,1],"25":[0,1],"26":[0,1],"27":[1,0],"28":[1,0],"29":[0,1],"30":[1,0],"31":[0,0],"32":[0,0],"33":[0,0],"34":[0,0],"35":[0,1],"36":[1,0],"37":[0,1],"38":[1,0],"39":[1,0],"40":[1,0],"41":[0,1],"42":[0,1],"43":[0,1],"44":[0,1],"45":[0,1],"46":[1,0],"47":[0,0],"48":[0,0],"49":[0,0],"50":[0,0],"51":[0,1],"52":[1,0],"53":[0,1]},"_coverageSchema":"1a1c01bbd47fc00a2c39e90264f33305004495a9","hash":"743a41956a6878d24f08156df6068a5f59c844cb"}
,"/Users/Cindy/Desktop/CIS 550/Homework 2/HW2 MS1 Student/HW2 MS1/server/server.js": {"path":"/Users/Cindy/Desktop/CIS 550/Homework 2/HW2 MS1 Student/HW2 MS1/server/server.js","statementMap":{"0":{"start":{"line":1,"column":16},"end":{"line":1,"column":34}},"1":{"start":{"line":2,"column":19},"end":{"line":2,"column":35}},"2":{"start":{"line":5,"column":15},"end":{"line":5,"column":34}},"3":{"start":{"line":6,"column":15},"end":{"line":6,"column":39}},"4":{"start":{"line":8,"column":12},"end":{"line":8,"column":21}},"5":{"start":{"line":11,"column":0},"end":{"line":11,"column":31}},"6":{"start":{"line":14,"column":0},"end":{"line":14,"column":41}},"7":{"start":{"line":17,"column":0},"end":{"line":17,"column":47}},"8":{"start":{"line":20,"column":0},"end":{"line":20,"column":39}},"9":{"start":{"line":23,"column":0},"end":{"line":23,"column":31}},"10":{"start":{"line":26,"column":0},"end":{"line":26,"column":33}},"11":{"start":{"line":29,"column":0},"end":{"line":29,"column":49}},"12":{"start":{"line":32,"column":0},"end":{"line":32,"column":49}},"13":{"start":{"line":38,"column":0},"end":{"line":40,"column":3}},"14":{"start":{"line":39,"column":4},"end":{"line":39,"column":89}},"15":{"start":{"line":42,"column":0},"end":{"line":42,"column":21}}},"fnMap":{"0":{"name":"(anonymous_0)","decl":{"start":{"line":38,"column":31},"end":{"line":38,"column":32}},"loc":{"start":{"line":38,"column":37},"end":{"line":40,"column":1}},"line":38}},"branchMap":{},"s":{"0":1,"1":1,"2":1,"3":1,"4":1,"5":1,"6":1,"7":1,"8":1,"9":1,"10":1,"11":1,"12":1,"13":1,"14":1,"15":1},"f":{"0":1},"b":{},"_coverageSchema":"1a1c01bbd47fc00a2c39e90264f33305004495a9","hash":"678c4a94de3a23daef9df6ced170845d217adddb"}
}
