TN:
SF:routes.js
FN:21,hello
FN:36,jersey
FN:60,all_matches
FN:82,(anonymous_3)
FN:97,(anonymous_4)
FN:111,all_players
FN:123,(anonymous_6)
FN:135,(anonymous_7)
FN:153,match
FN:166,(anonymous_9)
FN:186,player
FN:206,(anonymous_11)
FN:212,(anonymous_12)
FN:237,search_matches
FN:254,(anonymous_14)
FN:274,(anonymous_15)
FN:290,search_players
FN:314,(anonymous_17)
FN:336,(anonymous_18)
FNF:19
FNH:15
FNDA:2,hello
FNDA:21,jersey
FNDA:1,all_matches
FNDA:0,(anonymous_3)
FNDA:1,(anonymous_4)
FNDA:1,all_players
FNDA:0,(anonymous_6)
FNDA:1,(anonymous_7)
FNDA:1,match
FNDA:1,(anonymous_9)
FNDA:2,player
FNDA:2,(anonymous_11)
FNDA:1,(anonymous_12)
FNDA:1,search_matches
FNDA:0,(anonymous_14)
FNDA:1,(anonymous_15)
FNDA:1,search_players
FNDA:0,(anonymous_17)
FNDA:1,(anonymous_18)
DA:1,1
DA:2,1
DA:3,1
DA:6,1
DA:13,1
DA:23,2
DA:24,1
DA:26,1
DA:37,21
DA:38,21
DA:39,21
DA:41,21
DA:43,10
DA:44,11
DA:45,10
DA:47,10
DA:50,1
DA:65,1
DA:68,1
DA:72,0
DA:73,0
DA:74,0
DA:75,0
DA:82,0
DA:83,0
DA:84,0
DA:85,0
DA:86,0
DA:87,0
DA:94,1
DA:99,1
DA:100,0
DA:101,0
DA:102,1
DA:103,1
DA:113,1
DA:114,0
DA:115,0
DA:116,0
DA:117,0
DA:123,0
DA:124,0
DA:125,0
DA:126,0
DA:127,0
DA:128,0
DA:133,1
DA:137,1
DA:138,0
DA:139,0
DA:140,1
DA:141,1
DA:155,1
DA:156,1
DA:166,1
DA:167,1
DA:168,0
DA:169,0
DA:170,1
DA:171,1
DA:172,0
DA:174,1
DA:188,2
DA:189,2
DA:197,2
DA:206,2
DA:207,2
DA:208,0
DA:209,0
DA:210,2
DA:211,2
DA:212,1
DA:213,1
DA:214,0
DA:215,0
DA:217,1
DA:218,0
DA:220,1
DA:225,1
DA:240,1
DA:241,1
DA:243,1
DA:244,0
DA:245,0
DA:246,0
DA:247,0
DA:254,0
DA:255,0
DA:256,0
DA:257,0
DA:258,0
DA:259,0
DA:260,0
DA:262,0
DA:268,1
DA:274,1
DA:275,1
DA:276,0
DA:277,0
DA:278,1
DA:279,1
DA:280,0
DA:282,1
DA:293,1
DA:294,1
DA:295,1
DA:296,1
DA:297,1
DA:298,1
DA:299,1
DA:301,1
DA:302,0
DA:303,0
DA:304,0
DA:305,0
DA:314,0
DA:315,0
DA:316,0
DA:317,0
DA:318,0
DA:319,0
DA:320,0
DA:322,0
DA:328,1
DA:336,1
DA:337,1
DA:338,0
DA:339,0
DA:340,1
DA:341,1
DA:342,0
DA:344,1
DA:351,1
LF:133
LH:71
BRDA:23,0,0,1
BRDA:23,0,1,1
BRDA:39,1,0,10
BRDA:39,1,1,11
BRDA:41,2,0,10
BRDA:41,2,1,11
BRDA:44,3,0,10
BRDA:44,3,1,1
BRDA:65,4,0,1
BRDA:65,4,1,0
BRDA:68,5,0,0
BRDA:68,5,1,1
BRDA:68,6,0,1
BRDA:68,6,1,0
BRDA:72,7,0,0
BRDA:72,7,1,0
BRDA:83,8,0,0
BRDA:83,8,1,0
BRDA:86,9,0,0
BRDA:86,9,1,0
BRDA:99,10,0,0
BRDA:99,10,1,1
BRDA:102,11,0,1
BRDA:102,11,1,0
BRDA:113,12,0,0
BRDA:113,12,1,1
BRDA:113,13,0,1
BRDA:113,13,1,0
BRDA:114,14,0,0
BRDA:114,14,1,0
BRDA:124,15,0,0
BRDA:124,15,1,0
BRDA:127,16,0,0
BRDA:127,16,1,0
BRDA:137,17,0,0
BRDA:137,17,1,1
BRDA:140,18,0,1
BRDA:140,18,1,0
BRDA:167,19,0,0
BRDA:167,19,1,1
BRDA:170,20,0,1
BRDA:170,20,1,0
BRDA:171,21,0,0
BRDA:171,21,1,1
BRDA:207,22,0,0
BRDA:207,22,1,2
BRDA:210,23,0,2
BRDA:210,23,1,0
BRDA:211,24,0,1
BRDA:211,24,1,1
BRDA:213,25,0,0
BRDA:213,25,1,1
BRDA:217,26,0,0
BRDA:217,26,1,1
BRDA:240,27,0,1
BRDA:240,27,1,0
BRDA:241,28,0,1
BRDA:241,28,1,0
BRDA:243,29,0,0
BRDA:243,29,1,1
BRDA:243,30,0,1
BRDA:243,30,1,0
BRDA:244,31,0,0
BRDA:244,31,1,0
BRDA:255,32,0,0
BRDA:255,32,1,0
BRDA:258,33,0,0
BRDA:258,33,1,0
BRDA:259,34,0,0
BRDA:259,34,1,0
BRDA:275,35,0,0
BRDA:275,35,1,1
BRDA:278,36,0,1
BRDA:278,36,1,0
BRDA:279,37,0,0
BRDA:279,37,1,1
BRDA:293,38,0,1
BRDA:293,38,1,0
BRDA:294,39,0,1
BRDA:294,39,1,0
BRDA:295,40,0,1
BRDA:295,40,1,0
BRDA:296,41,0,0
BRDA:296,41,1,1
BRDA:297,42,0,0
BRDA:297,42,1,1
BRDA:298,43,0,0
BRDA:298,43,1,1
BRDA:299,44,0,0
BRDA:299,44,1,1
BRDA:301,45,0,0
BRDA:301,45,1,1
BRDA:301,46,0,1
BRDA:301,46,1,0
BRDA:302,47,0,0
BRDA:302,47,1,0
BRDA:315,48,0,0
BRDA:315,48,1,0
BRDA:318,49,0,0
BRDA:318,49,1,0
BRDA:319,50,0,0
BRDA:319,50,1,0
BRDA:337,51,0,0
BRDA:337,51,1,1
BRDA:340,52,0,1
BRDA:340,52,1,0
BRDA:341,53,0,0
BRDA:341,53,1,1
BRF:108
BRH:45
end_of_record
TN:
SF:server.js
FN:38,(anonymous_0)
FNF:1
FNH:1
FNDA:1,(anonymous_0)
DA:1,1
DA:2,1
DA:5,1
DA:6,1
DA:8,1
DA:11,1
DA:14,1
DA:17,1
DA:20,1
DA:23,1
DA:26,1
DA:29,1
DA:32,1
DA:38,1
DA:39,1
DA:42,1
LF:16
LH:16
BRF:0
BRH:0
end_of_record
